The target system is: Linux -  - aarch64
The host system is: Linux - 5.3.0-51-generic - x86_64
Compiling the C compiler identification source file "CMakeCCompilerId.c" succeeded.
Compiler: /opt/luci/3.0/sysroots/x86_64-fslsdk-linux/usr/bin/aarch64-fsl-linux/aarch64-fsl-linux-gcc --sysroot=/opt/luci/3.0/sysroots/aarch64-fsl-linux
Build flags: ;-O2;-pipe;-g;-feliminate-unused-debug-types;
Id flags:  

The output was:
0


Compilation of the C compiler identification source "CMakeCCompilerId.c" produced "a.out"

The C compiler identification is GNU, found in "/home/christian/Desktop/OpenCV_Tests/crossbuild/CMakeFiles/3.15.3/CompilerIdC/a.out"

Compiling the CXX compiler identification source file "CMakeCXXCompilerId.cpp" succeeded.
Compiler: /opt/luci/3.0/sysroots/x86_64-fslsdk-linux/usr/bin/aarch64-fsl-linux/aarch64-fsl-linux-g++ --sysroot=/opt/luci/3.0/sysroots/aarch64-fsl-linux
Build flags: ;-O2;-pipe;-g;-feliminate-unused-debug-types;
Id flags:  

The output was:
0


Compilation of the CXX compiler identification source "CMakeCXXCompilerId.cpp" produced "a.out"

The CXX compiler identification is GNU, found in "/home/christian/Desktop/OpenCV_Tests/crossbuild/CMakeFiles/3.15.3/CompilerIdCXX/a.out"

Determining if the C compiler works passed with the following output:
Change Dir: /home/christian/Desktop/OpenCV_Tests/crossbuild/CMakeFiles/CMakeTmp

Run Build Command(s):/usr/bin/make cmTC_14a53/fast && /usr/bin/make -f CMakeFiles/cmTC_14a53.dir/build.make CMakeFiles/cmTC_14a53.dir/build
make[1]: Entering directory '/home/christian/Desktop/OpenCV_Tests/crossbuild/CMakeFiles/CMakeTmp'
Building C object CMakeFiles/cmTC_14a53.dir/testCCompiler.c.o
/opt/luci/3.0/sysroots/x86_64-fslsdk-linux/usr/bin/aarch64-fsl-linux/aarch64-fsl-linux-gcc   --sysroot=/opt/luci/3.0/sysroots/aarch64-fsl-linux --sysroot=/opt/luci/3.0/sysroots/aarch64-fsl-linux   -O2 -pipe -g -feliminate-unused-debug-types     -o CMakeFiles/cmTC_14a53.dir/testCCompiler.c.o   -c /home/christian/Desktop/OpenCV_Tests/crossbuild/CMakeFiles/CMakeTmp/testCCompiler.c
Linking C executable cmTC_14a53
/opt/luci/3.0/sysroots/x86_64-fslsdk-linux/usr/bin/cmake -E cmake_link_script CMakeFiles/cmTC_14a53.dir/link.txt --verbose=1
/opt/luci/3.0/sysroots/x86_64-fslsdk-linux/usr/bin/aarch64-fsl-linux/aarch64-fsl-linux-gcc   --sysroot=/opt/luci/3.0/sysroots/aarch64-fsl-linux --sysroot=/opt/luci/3.0/sysroots/aarch64-fsl-linux  -O2 -pipe -g -feliminate-unused-debug-types    -Wl,-O1 -Wl,--hash-style=gnu -Wl,--as-needed  -rdynamic CMakeFiles/cmTC_14a53.dir/testCCompiler.c.o  -o cmTC_14a53 
make[1]: Leaving directory '/home/christian/Desktop/OpenCV_Tests/crossbuild/CMakeFiles/CMakeTmp'



Detecting C compiler ABI info compiled with the following output:
Change Dir: /home/christian/Desktop/OpenCV_Tests/crossbuild/CMakeFiles/CMakeTmp

Run Build Command(s):/usr/bin/make cmTC_e3797/fast && /usr/bin/make -f CMakeFiles/cmTC_e3797.dir/build.make CMakeFiles/cmTC_e3797.dir/build
make[1]: Entering directory '/home/christian/Desktop/OpenCV_Tests/crossbuild/CMakeFiles/CMakeTmp'
Building C object CMakeFiles/cmTC_e3797.dir/CMakeCCompilerABI.c.o
/opt/luci/3.0/sysroots/x86_64-fslsdk-linux/usr/bin/aarch64-fsl-linux/aarch64-fsl-linux-gcc   --sysroot=/opt/luci/3.0/sysroots/aarch64-fsl-linux --sysroot=/opt/luci/3.0/sysroots/aarch64-fsl-linux   -O2 -pipe -g -feliminate-unused-debug-types     -v -o CMakeFiles/cmTC_e3797.dir/CMakeCCompilerABI.c.o   -c /opt/luci/3.0/sysroots/x86_64-fslsdk-linux/usr/share/cmake-3.15/Modules/CMakeCCompilerABI.c
Using built-in specs.
COLLECT_GCC=/opt/luci/3.0/sysroots/x86_64-fslsdk-linux/usr/bin/aarch64-fsl-linux/aarch64-fsl-linux-gcc
Target: aarch64-fsl-linux
Configured with: ../../../../../../work-shared/gcc-9.2.0-r0/gcc-9.2.0/configure --build=x86_64-linux --host=x86_64-fslsdk-linux --target=aarch64-fsl-linux --prefix=/opt/luci/3.0/sysroots/x86_64-fslsdk-linux/usr --exec_prefix=/opt/luci/3.0/sysroots/x86_64-fslsdk-linux/usr --bindir=/opt/luci/3.0/sysroots/x86_64-fslsdk-linux/usr/bin/aarch64-fsl-linux --sbindir=/opt/luci/3.0/sysroots/x86_64-fslsdk-linux/usr/bin/aarch64-fsl-linux --libexecdir=/opt/luci/3.0/sysroots/x86_64-fslsdk-linux/usr/libexec/aarch64-fsl-linux --datadir=/opt/luci/3.0/sysroots/x86_64-fslsdk-linux/usr/share --sysconfdir=/opt/luci/3.0/sysroots/x86_64-fslsdk-linux/etc --sharedstatedir=/opt/luci/3.0/sysroots/x86_64-fslsdk-linux/com --localstatedir=/opt/luci/3.0/sysroots/x86_64-fslsdk-linux/var --libdir=/opt/luci/3.0/sysroots/x86_64-fslsdk-linux/usr/lib/aarch64-fsl-linux --includedir=/opt/luci/3.0/sysroots/x86_64-fslsdk-linux/usr/include --oldincludedir=/opt/luci/3.0/sysroots/x86_64-fslsdk-linux/usr/include --infodir=/opt/luci/3.0/sysroots/x86_64-fslsdk-linux/usr/share/info --mandir=/opt/luci/3.0/sysroots/x86_64-fslsdk-linux/usr/share/man --disable-silent-rules --disable-dependency-tracking --with-libtool-sysroot=/home/ubuntu/workspace/yocto-build/build-root/build/tmp/work/x86_64-nativesdk-fslsdk-linux/gcc-cross-canadian-aarch64/9.2.0-r0/recipe-sysroot --with-gnu-ld --enable-shared --enable-languages=c,c++ --enable-threads=posix --enable-multilib --enable-default-pie --enable-c99 --enable-long-long --enable-symvers=gnu --enable-libstdcxx-pch --program-prefix=aarch64-fsl-linux- --without-local-prefix --enable-lto --disable-libssp --enable-libitm --disable-bootstrap --disable-libmudflap --with-system-zlib --with-linker-hash-style=gnu --enable-linker-build-id --with-ppl=no --with-cloog=no --enable-checking=release --enable-cheaders=c_global --without-isl --with-gxx-include-dir=/not/exist/usr/include/c++/9.2.0 --with-build-time-tools=/home/ubuntu/workspace/yocto-build/build-root/build/tmp/work/x86_64-nativesdk-fslsdk-linux/gcc-cross-canadian-aarch64/9.2.0-r0/recipe-sysroot-native/usr/aarch64-fsl-linux/bin --with-sysroot=/not/exist --with-build-sysroot=/home/ubuntu/workspace/yocto-build/build-root/build/tmp/work/x86_64-nativesdk-fslsdk-linux/gcc-cross-canadian-aarch64/9.2.0-r0/recipe-sysroot --enable-poison-system-directories --disable-static --enable-nls --with-glibc-version=2.28 --enable-initfini-array --enable-__cxa_atexit
Thread model: posix
gcc version 9.2.0 (GCC) 
COLLECT_GCC_OPTIONS='--sysroot=/opt/luci/3.0/sysroots/aarch64-fsl-linux' '-O2' '-pipe' '-g' '-feliminate-unused-debug-types' '-v' '-o' 'CMakeFiles/cmTC_e3797.dir/CMakeCCompilerABI.c.o' '-c' '-mlittle-endian' '-mabi=lp64'
 /opt/luci/3.0/sysroots/x86_64-fslsdk-linux/usr/libexec/aarch64-fsl-linux/gcc/aarch64-fsl-linux/9.2.0/cc1 -quiet -v -isysroot /opt/luci/3.0/sysroots/aarch64-fsl-linux /opt/luci/3.0/sysroots/x86_64-fslsdk-linux/usr/share/cmake-3.15/Modules/CMakeCCompilerABI.c -quiet -dumpbase CMakeCCompilerABI.c -mlittle-endian -mabi=lp64 -auxbase-strip CMakeFiles/cmTC_e3797.dir/CMakeCCompilerABI.c.o -g -O2 -version -feliminate-unused-debug-types -o - |
 /opt/luci/3.0/sysroots/x86_64-fslsdk-linux/usr/libexec/aarch64-fsl-linux/gcc/aarch64-fsl-linux/9.2.0/as -v -EL -mabi=lp64 -o CMakeFiles/cmTC_e3797.dir/CMakeCCompilerABI.c.o
GNU assembler version 2.32.0 (aarch64-fsl-linux) using BFD version (GNU Binutils) 2.32.0.20190204
GNU C17 (GCC) version 9.2.0 (aarch64-fsl-linux)
	compiled by GNU C version 9.2.0, GMP version 6.1.2, MPFR version 4.0.2, MPC version 1.1.0, isl version none
GGC heuristics: --param ggc-min-expand=100 --param ggc-min-heapsize=131072
ignoring nonexistent directory "/opt/luci/3.0/sysroots/aarch64-fsl-linux/usr/local/include"
ignoring nonexistent directory "/opt/luci/3.0/sysroots/x86_64-fslsdk-linux/usr/lib/aarch64-fsl-linux/gcc/aarch64-fsl-linux/9.2.0/../../../../../aarch64-fsl-linux/include"
#include "..." search starts here:
#include <...> search starts here:
 /opt/luci/3.0/sysroots/x86_64-fslsdk-linux/usr/lib/aarch64-fsl-linux/gcc/aarch64-fsl-linux/9.2.0/include
 /opt/luci/3.0/sysroots/aarch64-fsl-linux/usr/lib/aarch64-fsl-linux/9.2.0/include
 /opt/luci/3.0/sysroots/x86_64-fslsdk-linux/usr/lib/aarch64-fsl-linux/gcc/aarch64-fsl-linux/9.2.0/include-fixed
 /opt/luci/3.0/sysroots/aarch64-fsl-linux/usr/include/
End of search list.
GNU C17 (GCC) version 9.2.0 (aarch64-fsl-linux)
	compiled by GNU C version 9.2.0, GMP version 6.1.2, MPFR version 4.0.2, MPC version 1.1.0, isl version none
GGC heuristics: --param ggc-min-expand=100 --param ggc-min-heapsize=131072
Compiler executable checksum: 99faf6d0164ef4f92ed7bd55101b5be8
COMPILER_PATH=/opt/luci/3.0/sysroots/x86_64-fslsdk-linux/usr/libexec/aarch64-fsl-linux/gcc/aarch64-fsl-linux/9.2.0/:/opt/luci/3.0/sysroots/x86_64-fslsdk-linux/usr/libexec/aarch64-fsl-linux/gcc/aarch64-fsl-linux/9.2.0/:/opt/luci/3.0/sysroots/x86_64-fslsdk-linux/usr/libexec/aarch64-fsl-linux/gcc/aarch64-fsl-linux/:/opt/luci/3.0/sysroots/x86_64-fslsdk-linux/usr/lib/aarch64-fsl-linux/gcc/aarch64-fsl-linux/9.2.0/:/opt/luci/3.0/sysroots/x86_64-fslsdk-linux/usr/lib/aarch64-fsl-linux/gcc/aarch64-fsl-linux/
LIBRARY_PATH=/opt/luci/3.0/sysroots/x86_64-fslsdk-linux/usr/lib/aarch64-fsl-linux/gcc/aarch64-fsl-linux/9.2.0/:/opt/luci/3.0/sysroots/aarch64-fsl-linux/lib/:/opt/luci/3.0/sysroots/aarch64-fsl-linux/usr/lib/aarch64-fsl-linux/9.2.0/:/opt/luci/3.0/sysroots/aarch64-fsl-linux/usr/lib/
COLLECT_GCC_OPTIONS='--sysroot=/opt/luci/3.0/sysroots/aarch64-fsl-linux' '-O2' '-pipe' '-g' '-feliminate-unused-debug-types' '-v' '-o' 'CMakeFiles/cmTC_e3797.dir/CMakeCCompilerABI.c.o' '-c' '-mlittle-endian' '-mabi=lp64'
Linking C executable cmTC_e3797
/opt/luci/3.0/sysroots/x86_64-fslsdk-linux/usr/bin/cmake -E cmake_link_script CMakeFiles/cmTC_e3797.dir/link.txt --verbose=1
/opt/luci/3.0/sysroots/x86_64-fslsdk-linux/usr/bin/aarch64-fsl-linux/aarch64-fsl-linux-gcc   --sysroot=/opt/luci/3.0/sysroots/aarch64-fsl-linux --sysroot=/opt/luci/3.0/sysroots/aarch64-fsl-linux  -O2 -pipe -g -feliminate-unused-debug-types    -Wl,-O1 -Wl,--hash-style=gnu -Wl,--as-needed -v -rdynamic CMakeFiles/cmTC_e3797.dir/CMakeCCompilerABI.c.o  -o cmTC_e3797 
Using built-in specs.
COLLECT_GCC=/opt/luci/3.0/sysroots/x86_64-fslsdk-linux/usr/bin/aarch64-fsl-linux/aarch64-fsl-linux-gcc
COLLECT_LTO_WRAPPER=/opt/luci/3.0/sysroots/x86_64-fslsdk-linux/usr/libexec/aarch64-fsl-linux/gcc/aarch64-fsl-linux/9.2.0/lto-wrapper
Target: aarch64-fsl-linux
Configured with: ../../../../../../work-shared/gcc-9.2.0-r0/gcc-9.2.0/configure --build=x86_64-linux --host=x86_64-fslsdk-linux --target=aarch64-fsl-linux --prefix=/opt/luci/3.0/sysroots/x86_64-fslsdk-linux/usr --exec_prefix=/opt/luci/3.0/sysroots/x86_64-fslsdk-linux/usr --bindir=/opt/luci/3.0/sysroots/x86_64-fslsdk-linux/usr/bin/aarch64-fsl-linux --sbindir=/opt/luci/3.0/sysroots/x86_64-fslsdk-linux/usr/bin/aarch64-fsl-linux --libexecdir=/opt/luci/3.0/sysroots/x86_64-fslsdk-linux/usr/libexec/aarch64-fsl-linux --datadir=/opt/luci/3.0/sysroots/x86_64-fslsdk-linux/usr/share --sysconfdir=/opt/luci/3.0/sysroots/x86_64-fslsdk-linux/etc --sharedstatedir=/opt/luci/3.0/sysroots/x86_64-fslsdk-linux/com --localstatedir=/opt/luci/3.0/sysroots/x86_64-fslsdk-linux/var --libdir=/opt/luci/3.0/sysroots/x86_64-fslsdk-linux/usr/lib/aarch64-fsl-linux --includedir=/opt/luci/3.0/sysroots/x86_64-fslsdk-linux/usr/include --oldincludedir=/opt/luci/3.0/sysroots/x86_64-fslsdk-linux/usr/include --infodir=/opt/luci/3.0/sysroots/x86_64-fslsdk-linux/usr/share/info --mandir=/opt/luci/3.0/sysroots/x86_64-fslsdk-linux/usr/share/man --disable-silent-rules --disable-dependency-tracking --with-libtool-sysroot=/home/ubuntu/workspace/yocto-build/build-root/build/tmp/work/x86_64-nativesdk-fslsdk-linux/gcc-cross-canadian-aarch64/9.2.0-r0/recipe-sysroot --with-gnu-ld --enable-shared --enable-languages=c,c++ --enable-threads=posix --enable-multilib --enable-default-pie --enable-c99 --enable-long-long --enable-symvers=gnu --enable-libstdcxx-pch --program-prefix=aarch64-fsl-linux- --without-local-prefix --enable-lto --disable-libssp --enable-libitm --disable-bootstrap --disable-libmudflap --with-system-zlib --with-linker-hash-style=gnu --enable-linker-build-id --with-ppl=no --with-cloog=no --enable-checking=release --enable-cheaders=c_global --without-isl --with-gxx-include-dir=/not/exist/usr/include/c++/9.2.0 --with-build-time-tools=/home/ubuntu/workspace/yocto-build/build-root/build/tmp/work/x86_64-nativesdk-fslsdk-linux/gcc-cross-canadian-aarch64/9.2.0-r0/recipe-sysroot-native/usr/aarch64-fsl-linux/bin --with-sysroot=/not/exist --with-build-sysroot=/home/ubuntu/workspace/yocto-build/build-root/build/tmp/work/x86_64-nativesdk-fslsdk-linux/gcc-cross-canadian-aarch64/9.2.0-r0/recipe-sysroot --enable-poison-system-directories --disable-static --enable-nls --with-glibc-version=2.28 --enable-initfini-array --enable-__cxa_atexit
Thread model: posix
gcc version 9.2.0 (GCC) 
COMPILER_PATH=/opt/luci/3.0/sysroots/x86_64-fslsdk-linux/usr/libexec/aarch64-fsl-linux/gcc/aarch64-fsl-linux/9.2.0/:/opt/luci/3.0/sysroots/x86_64-fslsdk-linux/usr/libexec/aarch64-fsl-linux/gcc/aarch64-fsl-linux/9.2.0/:/opt/luci/3.0/sysroots/x86_64-fslsdk-linux/usr/libexec/aarch64-fsl-linux/gcc/aarch64-fsl-linux/:/opt/luci/3.0/sysroots/x86_64-fslsdk-linux/usr/lib/aarch64-fsl-linux/gcc/aarch64-fsl-linux/9.2.0/:/opt/luci/3.0/sysroots/x86_64-fslsdk-linux/usr/lib/aarch64-fsl-linux/gcc/aarch64-fsl-linux/
LIBRARY_PATH=/opt/luci/3.0/sysroots/x86_64-fslsdk-linux/usr/lib/aarch64-fsl-linux/gcc/aarch64-fsl-linux/9.2.0/:/opt/luci/3.0/sysroots/aarch64-fsl-linux/lib/:/opt/luci/3.0/sysroots/aarch64-fsl-linux/usr/lib/aarch64-fsl-linux/9.2.0/:/opt/luci/3.0/sysroots/aarch64-fsl-linux/usr/lib/
COLLECT_GCC_OPTIONS='--sysroot=/opt/luci/3.0/sysroots/aarch64-fsl-linux' '-O2' '-pipe' '-g' '-feliminate-unused-debug-types' '-v' '-rdynamic' '-o' 'cmTC_e3797' '-mlittle-endian' '-mabi=lp64'
 /opt/luci/3.0/sysroots/x86_64-fslsdk-linux/usr/libexec/aarch64-fsl-linux/gcc/aarch64-fsl-linux/9.2.0/collect2 -plugin /opt/luci/3.0/sysroots/x86_64-fslsdk-linux/usr/libexec/aarch64-fsl-linux/gcc/aarch64-fsl-linux/9.2.0/liblto_plugin.so -plugin-opt=/opt/luci/3.0/sysroots/x86_64-fslsdk-linux/usr/libexec/aarch64-fsl-linux/gcc/aarch64-fsl-linux/9.2.0/lto-wrapper -plugin-opt=-fresolution=/tmp/ccJJTVpY.res -plugin-opt=-pass-through=-lgcc -plugin-opt=-pass-through=-lgcc_s -plugin-opt=-pass-through=-lc -plugin-opt=-pass-through=-lgcc -plugin-opt=-pass-through=-lgcc_s --sysroot=/opt/luci/3.0/sysroots/aarch64-fsl-linux --build-id --eh-frame-hdr --hash-style=gnu -export-dynamic -dynamic-linker /lib/ld-linux-aarch64.so.1 -X -EL -maarch64linux -pie -o cmTC_e3797 /opt/luci/3.0/sysroots/aarch64-fsl-linux/usr/lib/Scrt1.o /opt/luci/3.0/sysroots/aarch64-fsl-linux/usr/lib/crti.o /opt/luci/3.0/sysroots/aarch64-fsl-linux/usr/lib/aarch64-fsl-linux/9.2.0/crtbeginS.o -L/opt/luci/3.0/sysroots/x86_64-fslsdk-linux/usr/lib/aarch64-fsl-linux/gcc/aarch64-fsl-linux/9.2.0 -L/opt/luci/3.0/sysroots/aarch64-fsl-linux/lib -L/opt/luci/3.0/sysroots/aarch64-fsl-linux/usr/lib/aarch64-fsl-linux/9.2.0 -L/opt/luci/3.0/sysroots/aarch64-fsl-linux/usr/lib -O1 --hash-style=gnu --as-needed CMakeFiles/cmTC_e3797.dir/CMakeCCompilerABI.c.o -lgcc --push-state --as-needed -lgcc_s --pop-state -lc -lgcc --push-state --as-needed -lgcc_s --pop-state /opt/luci/3.0/sysroots/aarch64-fsl-linux/usr/lib/aarch64-fsl-linux/9.2.0/crtendS.o /opt/luci/3.0/sysroots/aarch64-fsl-linux/usr/lib/crtn.o
COLLECT_GCC_OPTIONS='--sysroot=/opt/luci/3.0/sysroots/aarch64-fsl-linux' '-O2' '-pipe' '-g' '-feliminate-unused-debug-types' '-v' '-rdynamic' '-o' 'cmTC_e3797' '-mlittle-endian' '-mabi=lp64'
make[1]: Leaving directory '/home/christian/Desktop/OpenCV_Tests/crossbuild/CMakeFiles/CMakeTmp'



Parsed C implicit include dir info from above output: rv=done
  found start of include info
  found start of implicit include info
    add: [/opt/luci/3.0/sysroots/x86_64-fslsdk-linux/usr/lib/aarch64-fsl-linux/gcc/aarch64-fsl-linux/9.2.0/include]
    add: [/opt/luci/3.0/sysroots/aarch64-fsl-linux/usr/lib/aarch64-fsl-linux/9.2.0/include]
    add: [/opt/luci/3.0/sysroots/x86_64-fslsdk-linux/usr/lib/aarch64-fsl-linux/gcc/aarch64-fsl-linux/9.2.0/include-fixed]
    add: [/opt/luci/3.0/sysroots/aarch64-fsl-linux/usr/include/]
  end of search list found
  collapse include dir [/opt/luci/3.0/sysroots/x86_64-fslsdk-linux/usr/lib/aarch64-fsl-linux/gcc/aarch64-fsl-linux/9.2.0/include] ==> [/opt/luci/3.0/sysroots/x86_64-fslsdk-linux/usr/lib/aarch64-fsl-linux/gcc/aarch64-fsl-linux/9.2.0/include]
  collapse include dir [/opt/luci/3.0/sysroots/aarch64-fsl-linux/usr/lib/aarch64-fsl-linux/9.2.0/include] ==> [/opt/luci/3.0/sysroots/aarch64-fsl-linux/usr/lib/aarch64-fsl-linux/9.2.0/include]
  collapse include dir [/opt/luci/3.0/sysroots/x86_64-fslsdk-linux/usr/lib/aarch64-fsl-linux/gcc/aarch64-fsl-linux/9.2.0/include-fixed] ==> [/opt/luci/3.0/sysroots/x86_64-fslsdk-linux/usr/lib/aarch64-fsl-linux/gcc/aarch64-fsl-linux/9.2.0/include-fixed]
  collapse include dir [/opt/luci/3.0/sysroots/aarch64-fsl-linux/usr/include/] ==> [/opt/luci/3.0/sysroots/aarch64-fsl-linux/usr/include]
  implicit include dirs: [/opt/luci/3.0/sysroots/x86_64-fslsdk-linux/usr/lib/aarch64-fsl-linux/gcc/aarch64-fsl-linux/9.2.0/include;/opt/luci/3.0/sysroots/aarch64-fsl-linux/usr/lib/aarch64-fsl-linux/9.2.0/include;/opt/luci/3.0/sysroots/x86_64-fslsdk-linux/usr/lib/aarch64-fsl-linux/gcc/aarch64-fsl-linux/9.2.0/include-fixed;/opt/luci/3.0/sysroots/aarch64-fsl-linux/usr/include]


Parsed C implicit link information from above output:
  link line regex: [^( *|.*[/\])(aarch64-fsl-linux-ld|CMAKE_LINK_STARTFILE-NOTFOUND|([^/\]+-)?ld|collect2)[^/\]*( |$)]
  ignore line: [Change Dir: /home/christian/Desktop/OpenCV_Tests/crossbuild/CMakeFiles/CMakeTmp]
  ignore line: []
  ignore line: [Run Build Command(s):/usr/bin/make cmTC_e3797/fast && /usr/bin/make -f CMakeFiles/cmTC_e3797.dir/build.make CMakeFiles/cmTC_e3797.dir/build]
  ignore line: [make[1]: Entering directory '/home/christian/Desktop/OpenCV_Tests/crossbuild/CMakeFiles/CMakeTmp']
  ignore line: [Building C object CMakeFiles/cmTC_e3797.dir/CMakeCCompilerABI.c.o]
  ignore line: [/opt/luci/3.0/sysroots/x86_64-fslsdk-linux/usr/bin/aarch64-fsl-linux/aarch64-fsl-linux-gcc   --sysroot=/opt/luci/3.0/sysroots/aarch64-fsl-linux --sysroot=/opt/luci/3.0/sysroots/aarch64-fsl-linux   -O2 -pipe -g -feliminate-unused-debug-types     -v -o CMakeFiles/cmTC_e3797.dir/CMakeCCompilerABI.c.o   -c /opt/luci/3.0/sysroots/x86_64-fslsdk-linux/usr/share/cmake-3.15/Modules/CMakeCCompilerABI.c]
  ignore line: [Using built-in specs.]
  ignore line: [COLLECT_GCC=/opt/luci/3.0/sysroots/x86_64-fslsdk-linux/usr/bin/aarch64-fsl-linux/aarch64-fsl-linux-gcc]
  ignore line: [Target: aarch64-fsl-linux]
  ignore line: [Configured with: ../../../../../../work-shared/gcc-9.2.0-r0/gcc-9.2.0/configure --build=x86_64-linux --host=x86_64-fslsdk-linux --target=aarch64-fsl-linux --prefix=/opt/luci/3.0/sysroots/x86_64-fslsdk-linux/usr --exec_prefix=/opt/luci/3.0/sysroots/x86_64-fslsdk-linux/usr --bindir=/opt/luci/3.0/sysroots/x86_64-fslsdk-linux/usr/bin/aarch64-fsl-linux --sbindir=/opt/luci/3.0/sysroots/x86_64-fslsdk-linux/usr/bin/aarch64-fsl-linux --libexecdir=/opt/luci/3.0/sysroots/x86_64-fslsdk-linux/usr/libexec/aarch64-fsl-linux --datadir=/opt/luci/3.0/sysroots/x86_64-fslsdk-linux/usr/share --sysconfdir=/opt/luci/3.0/sysroots/x86_64-fslsdk-linux/etc --sharedstatedir=/opt/luci/3.0/sysroots/x86_64-fslsdk-linux/com --localstatedir=/opt/luci/3.0/sysroots/x86_64-fslsdk-linux/var --libdir=/opt/luci/3.0/sysroots/x86_64-fslsdk-linux/usr/lib/aarch64-fsl-linux --includedir=/opt/luci/3.0/sysroots/x86_64-fslsdk-linux/usr/include --oldincludedir=/opt/luci/3.0/sysroots/x86_64-fslsdk-linux/usr/include --infodir=/opt/luci/3.0/sysroots/x86_64-fslsdk-linux/usr/share/info --mandir=/opt/luci/3.0/sysroots/x86_64-fslsdk-linux/usr/share/man --disable-silent-rules --disable-dependency-tracking --with-libtool-sysroot=/home/ubuntu/workspace/yocto-build/build-root/build/tmp/work/x86_64-nativesdk-fslsdk-linux/gcc-cross-canadian-aarch64/9.2.0-r0/recipe-sysroot --with-gnu-ld --enable-shared --enable-languages=c,c++ --enable-threads=posix --enable-multilib --enable-default-pie --enable-c99 --enable-long-long --enable-symvers=gnu --enable-libstdcxx-pch --program-prefix=aarch64-fsl-linux- --without-local-prefix --enable-lto --disable-libssp --enable-libitm --disable-bootstrap --disable-libmudflap --with-system-zlib --with-linker-hash-style=gnu --enable-linker-build-id --with-ppl=no --with-cloog=no --enable-checking=release --enable-cheaders=c_global --without-isl --with-gxx-include-dir=/not/exist/usr/include/c++/9.2.0 --with-build-time-tools=/home/ubuntu/workspace/yocto-build/build-root/build/tmp/work/x86_64-nativesdk-fslsdk-linux/gcc-cross-canadian-aarch64/9.2.0-r0/recipe-sysroot-native/usr/aarch64-fsl-linux/bin --with-sysroot=/not/exist --with-build-sysroot=/home/ubuntu/workspace/yocto-build/build-root/build/tmp/work/x86_64-nativesdk-fslsdk-linux/gcc-cross-canadian-aarch64/9.2.0-r0/recipe-sysroot --enable-poison-system-directories --disable-static --enable-nls --with-glibc-version=2.28 --enable-initfini-array --enable-__cxa_atexit]
  ignore line: [Thread model: posix]
  ignore line: [gcc version 9.2.0 (GCC) ]
  ignore line: [COLLECT_GCC_OPTIONS='--sysroot=/opt/luci/3.0/sysroots/aarch64-fsl-linux' '-O2' '-pipe' '-g' '-feliminate-unused-debug-types' '-v' '-o' 'CMakeFiles/cmTC_e3797.dir/CMakeCCompilerABI.c.o' '-c' '-mlittle-endian' '-mabi=lp64']
  ignore line: [ /opt/luci/3.0/sysroots/x86_64-fslsdk-linux/usr/libexec/aarch64-fsl-linux/gcc/aarch64-fsl-linux/9.2.0/cc1 -quiet -v -isysroot /opt/luci/3.0/sysroots/aarch64-fsl-linux /opt/luci/3.0/sysroots/x86_64-fslsdk-linux/usr/share/cmake-3.15/Modules/CMakeCCompilerABI.c -quiet -dumpbase CMakeCCompilerABI.c -mlittle-endian -mabi=lp64 -auxbase-strip CMakeFiles/cmTC_e3797.dir/CMakeCCompilerABI.c.o -g -O2 -version -feliminate-unused-debug-types -o - |]
  ignore line: [ /opt/luci/3.0/sysroots/x86_64-fslsdk-linux/usr/libexec/aarch64-fsl-linux/gcc/aarch64-fsl-linux/9.2.0/as -v -EL -mabi=lp64 -o CMakeFiles/cmTC_e3797.dir/CMakeCCompilerABI.c.o]
  ignore line: [GNU assembler version 2.32.0 (aarch64-fsl-linux) using BFD version (GNU Binutils) 2.32.0.20190204]
  ignore line: [GNU C17 (GCC) version 9.2.0 (aarch64-fsl-linux)]
  ignore line: [	compiled by GNU C version 9.2.0, GMP version 6.1.2, MPFR version 4.0.2, MPC version 1.1.0, isl version none]
  ignore line: [GGC heuristics: --param ggc-min-expand=100 --param ggc-min-heapsize=131072]
  ignore line: [ignoring nonexistent directory "/opt/luci/3.0/sysroots/aarch64-fsl-linux/usr/local/include"]
  ignore line: [ignoring nonexistent directory "/opt/luci/3.0/sysroots/x86_64-fslsdk-linux/usr/lib/aarch64-fsl-linux/gcc/aarch64-fsl-linux/9.2.0/../../../../../aarch64-fsl-linux/include"]
  ignore line: [#include "..." search starts here:]
  ignore line: [#include <...> search starts here:]
  ignore line: [ /opt/luci/3.0/sysroots/x86_64-fslsdk-linux/usr/lib/aarch64-fsl-linux/gcc/aarch64-fsl-linux/9.2.0/include]
  ignore line: [ /opt/luci/3.0/sysroots/aarch64-fsl-linux/usr/lib/aarch64-fsl-linux/9.2.0/include]
  ignore line: [ /opt/luci/3.0/sysroots/x86_64-fslsdk-linux/usr/lib/aarch64-fsl-linux/gcc/aarch64-fsl-linux/9.2.0/include-fixed]
  ignore line: [ /opt/luci/3.0/sysroots/aarch64-fsl-linux/usr/include/]
  ignore line: [End of search list.]
  ignore line: [GNU C17 (GCC) version 9.2.0 (aarch64-fsl-linux)]
  ignore line: [	compiled by GNU C version 9.2.0, GMP version 6.1.2, MPFR version 4.0.2, MPC version 1.1.0, isl version none]
  ignore line: [GGC heuristics: --param ggc-min-expand=100 --param ggc-min-heapsize=131072]
  ignore line: [Compiler executable checksum: 99faf6d0164ef4f92ed7bd55101b5be8]
  ignore line: [COMPILER_PATH=/opt/luci/3.0/sysroots/x86_64-fslsdk-linux/usr/libexec/aarch64-fsl-linux/gcc/aarch64-fsl-linux/9.2.0/:/opt/luci/3.0/sysroots/x86_64-fslsdk-linux/usr/libexec/aarch64-fsl-linux/gcc/aarch64-fsl-linux/9.2.0/:/opt/luci/3.0/sysroots/x86_64-fslsdk-linux/usr/libexec/aarch64-fsl-linux/gcc/aarch64-fsl-linux/:/opt/luci/3.0/sysroots/x86_64-fslsdk-linux/usr/lib/aarch64-fsl-linux/gcc/aarch64-fsl-linux/9.2.0/:/opt/luci/3.0/sysroots/x86_64-fslsdk-linux/usr/lib/aarch64-fsl-linux/gcc/aarch64-fsl-linux/]
  ignore line: [LIBRARY_PATH=/opt/luci/3.0/sysroots/x86_64-fslsdk-linux/usr/lib/aarch64-fsl-linux/gcc/aarch64-fsl-linux/9.2.0/:/opt/luci/3.0/sysroots/aarch64-fsl-linux/lib/:/opt/luci/3.0/sysroots/aarch64-fsl-linux/usr/lib/aarch64-fsl-linux/9.2.0/:/opt/luci/3.0/sysroots/aarch64-fsl-linux/usr/lib/]
  ignore line: [COLLECT_GCC_OPTIONS='--sysroot=/opt/luci/3.0/sysroots/aarch64-fsl-linux' '-O2' '-pipe' '-g' '-feliminate-unused-debug-types' '-v' '-o' 'CMakeFiles/cmTC_e3797.dir/CMakeCCompilerABI.c.o' '-c' '-mlittle-endian' '-mabi=lp64']
  ignore line: [Linking C executable cmTC_e3797]
  ignore line: [/opt/luci/3.0/sysroots/x86_64-fslsdk-linux/usr/bin/cmake -E cmake_link_script CMakeFiles/cmTC_e3797.dir/link.txt --verbose=1]
  ignore line: [/opt/luci/3.0/sysroots/x86_64-fslsdk-linux/usr/bin/aarch64-fsl-linux/aarch64-fsl-linux-gcc   --sysroot=/opt/luci/3.0/sysroots/aarch64-fsl-linux --sysroot=/opt/luci/3.0/sysroots/aarch64-fsl-linux  -O2 -pipe -g -feliminate-unused-debug-types    -Wl,-O1 -Wl,--hash-style=gnu -Wl,--as-needed -v -rdynamic CMakeFiles/cmTC_e3797.dir/CMakeCCompilerABI.c.o  -o cmTC_e3797 ]
  ignore line: [Using built-in specs.]
  ignore line: [COLLECT_GCC=/opt/luci/3.0/sysroots/x86_64-fslsdk-linux/usr/bin/aarch64-fsl-linux/aarch64-fsl-linux-gcc]
  ignore line: [COLLECT_LTO_WRAPPER=/opt/luci/3.0/sysroots/x86_64-fslsdk-linux/usr/libexec/aarch64-fsl-linux/gcc/aarch64-fsl-linux/9.2.0/lto-wrapper]
  ignore line: [Target: aarch64-fsl-linux]
  ignore line: [Configured with: ../../../../../../work-shared/gcc-9.2.0-r0/gcc-9.2.0/configure --build=x86_64-linux --host=x86_64-fslsdk-linux --target=aarch64-fsl-linux --prefix=/opt/luci/3.0/sysroots/x86_64-fslsdk-linux/usr --exec_prefix=/opt/luci/3.0/sysroots/x86_64-fslsdk-linux/usr --bindir=/opt/luci/3.0/sysroots/x86_64-fslsdk-linux/usr/bin/aarch64-fsl-linux --sbindir=/opt/luci/3.0/sysroots/x86_64-fslsdk-linux/usr/bin/aarch64-fsl-linux --libexecdir=/opt/luci/3.0/sysroots/x86_64-fslsdk-linux/usr/libexec/aarch64-fsl-linux --datadir=/opt/luci/3.0/sysroots/x86_64-fslsdk-linux/usr/share --sysconfdir=/opt/luci/3.0/sysroots/x86_64-fslsdk-linux/etc --sharedstatedir=/opt/luci/3.0/sysroots/x86_64-fslsdk-linux/com --localstatedir=/opt/luci/3.0/sysroots/x86_64-fslsdk-linux/var --libdir=/opt/luci/3.0/sysroots/x86_64-fslsdk-linux/usr/lib/aarch64-fsl-linux --includedir=/opt/luci/3.0/sysroots/x86_64-fslsdk-linux/usr/include --oldincludedir=/opt/luci/3.0/sysroots/x86_64-fslsdk-linux/usr/include --infodir=/opt/luci/3.0/sysroots/x86_64-fslsdk-linux/usr/share/info --mandir=/opt/luci/3.0/sysroots/x86_64-fslsdk-linux/usr/share/man --disable-silent-rules --disable-dependency-tracking --with-libtool-sysroot=/home/ubuntu/workspace/yocto-build/build-root/build/tmp/work/x86_64-nativesdk-fslsdk-linux/gcc-cross-canadian-aarch64/9.2.0-r0/recipe-sysroot --with-gnu-ld --enable-shared --enable-languages=c,c++ --enable-threads=posix --enable-multilib --enable-default-pie --enable-c99 --enable-long-long --enable-symvers=gnu --enable-libstdcxx-pch --program-prefix=aarch64-fsl-linux- --without-local-prefix --enable-lto --disable-libssp --enable-libitm --disable-bootstrap --disable-libmudflap --with-system-zlib --with-linker-hash-style=gnu --enable-linker-build-id --with-ppl=no --with-cloog=no --enable-checking=release --enable-cheaders=c_global --without-isl --with-gxx-include-dir=/not/exist/usr/include/c++/9.2.0 --with-build-time-tools=/home/ubuntu/workspace/yocto-build/build-root/build/tmp/work/x86_64-nativesdk-fslsdk-linux/gcc-cross-canadian-aarch64/9.2.0-r0/recipe-sysroot-native/usr/aarch64-fsl-linux/bin --with-sysroot=/not/exist --with-build-sysroot=/home/ubuntu/workspace/yocto-build/build-root/build/tmp/work/x86_64-nativesdk-fslsdk-linux/gcc-cross-canadian-aarch64/9.2.0-r0/recipe-sysroot --enable-poison-system-directories --disable-static --enable-nls --with-glibc-version=2.28 --enable-initfini-array --enable-__cxa_atexit]
  ignore line: [Thread model: posix]
  ignore line: [gcc version 9.2.0 (GCC) ]
  ignore line: [COMPILER_PATH=/opt/luci/3.0/sysroots/x86_64-fslsdk-linux/usr/libexec/aarch64-fsl-linux/gcc/aarch64-fsl-linux/9.2.0/:/opt/luci/3.0/sysroots/x86_64-fslsdk-linux/usr/libexec/aarch64-fsl-linux/gcc/aarch64-fsl-linux/9.2.0/:/opt/luci/3.0/sysroots/x86_64-fslsdk-linux/usr/libexec/aarch64-fsl-linux/gcc/aarch64-fsl-linux/:/opt/luci/3.0/sysroots/x86_64-fslsdk-linux/usr/lib/aarch64-fsl-linux/gcc/aarch64-fsl-linux/9.2.0/:/opt/luci/3.0/sysroots/x86_64-fslsdk-linux/usr/lib/aarch64-fsl-linux/gcc/aarch64-fsl-linux/]
  ignore line: [LIBRARY_PATH=/opt/luci/3.0/sysroots/x86_64-fslsdk-linux/usr/lib/aarch64-fsl-linux/gcc/aarch64-fsl-linux/9.2.0/:/opt/luci/3.0/sysroots/aarch64-fsl-linux/lib/:/opt/luci/3.0/sysroots/aarch64-fsl-linux/usr/lib/aarch64-fsl-linux/9.2.0/:/opt/luci/3.0/sysroots/aarch64-fsl-linux/usr/lib/]
  ignore line: [COLLECT_GCC_OPTIONS='--sysroot=/opt/luci/3.0/sysroots/aarch64-fsl-linux' '-O2' '-pipe' '-g' '-feliminate-unused-debug-types' '-v' '-rdynamic' '-o' 'cmTC_e3797' '-mlittle-endian' '-mabi=lp64']
  link line: [ /opt/luci/3.0/sysroots/x86_64-fslsdk-linux/usr/libexec/aarch64-fsl-linux/gcc/aarch64-fsl-linux/9.2.0/collect2 -plugin /opt/luci/3.0/sysroots/x86_64-fslsdk-linux/usr/libexec/aarch64-fsl-linux/gcc/aarch64-fsl-linux/9.2.0/liblto_plugin.so -plugin-opt=/opt/luci/3.0/sysroots/x86_64-fslsdk-linux/usr/libexec/aarch64-fsl-linux/gcc/aarch64-fsl-linux/9.2.0/lto-wrapper -plugin-opt=-fresolution=/tmp/ccJJTVpY.res -plugin-opt=-pass-through=-lgcc -plugin-opt=-pass-through=-lgcc_s -plugin-opt=-pass-through=-lc -plugin-opt=-pass-through=-lgcc -plugin-opt=-pass-through=-lgcc_s --sysroot=/opt/luci/3.0/sysroots/aarch64-fsl-linux --build-id --eh-frame-hdr --hash-style=gnu -export-dynamic -dynamic-linker /lib/ld-linux-aarch64.so.1 -X -EL -maarch64linux -pie -o cmTC_e3797 /opt/luci/3.0/sysroots/aarch64-fsl-linux/usr/lib/Scrt1.o /opt/luci/3.0/sysroots/aarch64-fsl-linux/usr/lib/crti.o /opt/luci/3.0/sysroots/aarch64-fsl-linux/usr/lib/aarch64-fsl-linux/9.2.0/crtbeginS.o -L/opt/luci/3.0/sysroots/x86_64-fslsdk-linux/usr/lib/aarch64-fsl-linux/gcc/aarch64-fsl-linux/9.2.0 -L/opt/luci/3.0/sysroots/aarch64-fsl-linux/lib -L/opt/luci/3.0/sysroots/aarch64-fsl-linux/usr/lib/aarch64-fsl-linux/9.2.0 -L/opt/luci/3.0/sysroots/aarch64-fsl-linux/usr/lib -O1 --hash-style=gnu --as-needed CMakeFiles/cmTC_e3797.dir/CMakeCCompilerABI.c.o -lgcc --push-state --as-needed -lgcc_s --pop-state -lc -lgcc --push-state --as-needed -lgcc_s --pop-state /opt/luci/3.0/sysroots/aarch64-fsl-linux/usr/lib/aarch64-fsl-linux/9.2.0/crtendS.o /opt/luci/3.0/sysroots/aarch64-fsl-linux/usr/lib/crtn.o]
    arg [/opt/luci/3.0/sysroots/x86_64-fslsdk-linux/usr/libexec/aarch64-fsl-linux/gcc/aarch64-fsl-linux/9.2.0/collect2] ==> ignore
    arg [-plugin] ==> ignore
    arg [/opt/luci/3.0/sysroots/x86_64-fslsdk-linux/usr/libexec/aarch64-fsl-linux/gcc/aarch64-fsl-linux/9.2.0/liblto_plugin.so] ==> ignore
    arg [-plugin-opt=/opt/luci/3.0/sysroots/x86_64-fslsdk-linux/usr/libexec/aarch64-fsl-linux/gcc/aarch64-fsl-linux/9.2.0/lto-wrapper] ==> ignore
    arg [-plugin-opt=-fresolution=/tmp/ccJJTVpY.res] ==> ignore
    arg [-plugin-opt=-pass-through=-lgcc] ==> ignore
    arg [-plugin-opt=-pass-through=-lgcc_s] ==> ignore
    arg [-plugin-opt=-pass-through=-lc] ==> ignore
    arg [-plugin-opt=-pass-through=-lgcc] ==> ignore
    arg [-plugin-opt=-pass-through=-lgcc_s] ==> ignore
    arg [--sysroot=/opt/luci/3.0/sysroots/aarch64-fsl-linux] ==> ignore
    arg [--build-id] ==> ignore
    arg [--eh-frame-hdr] ==> ignore
    arg [--hash-style=gnu] ==> ignore
    arg [-export-dynamic] ==> ignore
    arg [-dynamic-linker] ==> ignore
    arg [/lib/ld-linux-aarch64.so.1] ==> ignore
    arg [-X] ==> ignore
    arg [-EL] ==> ignore
    arg [-maarch64linux] ==> ignore
    arg [-pie] ==> ignore
    arg [-o] ==> ignore
    arg [cmTC_e3797] ==> ignore
    arg [/opt/luci/3.0/sysroots/aarch64-fsl-linux/usr/lib/Scrt1.o] ==> ignore
    arg [/opt/luci/3.0/sysroots/aarch64-fsl-linux/usr/lib/crti.o] ==> ignore
    arg [/opt/luci/3.0/sysroots/aarch64-fsl-linux/usr/lib/aarch64-fsl-linux/9.2.0/crtbeginS.o] ==> ignore
    arg [-L/opt/luci/3.0/sysroots/x86_64-fslsdk-linux/usr/lib/aarch64-fsl-linux/gcc/aarch64-fsl-linux/9.2.0] ==> dir [/opt/luci/3.0/sysroots/x86_64-fslsdk-linux/usr/lib/aarch64-fsl-linux/gcc/aarch64-fsl-linux/9.2.0]
    arg [-L/opt/luci/3.0/sysroots/aarch64-fsl-linux/lib] ==> dir [/opt/luci/3.0/sysroots/aarch64-fsl-linux/lib]
    arg [-L/opt/luci/3.0/sysroots/aarch64-fsl-linux/usr/lib/aarch64-fsl-linux/9.2.0] ==> dir [/opt/luci/3.0/sysroots/aarch64-fsl-linux/usr/lib/aarch64-fsl-linux/9.2.0]
    arg [-L/opt/luci/3.0/sysroots/aarch64-fsl-linux/usr/lib] ==> dir [/opt/luci/3.0/sysroots/aarch64-fsl-linux/usr/lib]
    arg [-O1] ==> ignore
    arg [--hash-style=gnu] ==> ignore
    arg [--as-needed] ==> ignore
    arg [CMakeFiles/cmTC_e3797.dir/CMakeCCompilerABI.c.o] ==> ignore
    arg [-lgcc] ==> lib [gcc]
    arg [--push-state] ==> ignore
    arg [--as-needed] ==> ignore
    arg [-lgcc_s] ==> lib [gcc_s]
    arg [--pop-state] ==> ignore
    arg [-lc] ==> lib [c]
    arg [-lgcc] ==> lib [gcc]
    arg [--push-state] ==> ignore
    arg [--as-needed] ==> ignore
    arg [-lgcc_s] ==> lib [gcc_s]
    arg [--pop-state] ==> ignore
    arg [/opt/luci/3.0/sysroots/aarch64-fsl-linux/usr/lib/aarch64-fsl-linux/9.2.0/crtendS.o] ==> ignore
    arg [/opt/luci/3.0/sysroots/aarch64-fsl-linux/usr/lib/crtn.o] ==> ignore
  collapse library dir [/opt/luci/3.0/sysroots/x86_64-fslsdk-linux/usr/lib/aarch64-fsl-linux/gcc/aarch64-fsl-linux/9.2.0] ==> [/opt/luci/3.0/sysroots/x86_64-fslsdk-linux/usr/lib/aarch64-fsl-linux/gcc/aarch64-fsl-linux/9.2.0]
  collapse library dir [/opt/luci/3.0/sysroots/aarch64-fsl-linux/lib] ==> [/opt/luci/3.0/sysroots/aarch64-fsl-linux/lib]
  collapse library dir [/opt/luci/3.0/sysroots/aarch64-fsl-linux/usr/lib/aarch64-fsl-linux/9.2.0] ==> [/opt/luci/3.0/sysroots/aarch64-fsl-linux/usr/lib/aarch64-fsl-linux/9.2.0]
  collapse library dir [/opt/luci/3.0/sysroots/aarch64-fsl-linux/usr/lib] ==> [/opt/luci/3.0/sysroots/aarch64-fsl-linux/usr/lib]
  implicit libs: [gcc;gcc_s;c;gcc;gcc_s]
  implicit dirs: [/opt/luci/3.0/sysroots/x86_64-fslsdk-linux/usr/lib/aarch64-fsl-linux/gcc/aarch64-fsl-linux/9.2.0;/opt/luci/3.0/sysroots/aarch64-fsl-linux/lib;/opt/luci/3.0/sysroots/aarch64-fsl-linux/usr/lib/aarch64-fsl-linux/9.2.0;/opt/luci/3.0/sysroots/aarch64-fsl-linux/usr/lib]
  implicit fwks: []


Determining if the CXX compiler works passed with the following output:
Change Dir: /home/christian/Desktop/OpenCV_Tests/crossbuild/CMakeFiles/CMakeTmp

Run Build Command(s):/usr/bin/make cmTC_5e271/fast && /usr/bin/make -f CMakeFiles/cmTC_5e271.dir/build.make CMakeFiles/cmTC_5e271.dir/build
make[1]: Entering directory '/home/christian/Desktop/OpenCV_Tests/crossbuild/CMakeFiles/CMakeTmp'
Building CXX object CMakeFiles/cmTC_5e271.dir/testCXXCompiler.cxx.o
/opt/luci/3.0/sysroots/x86_64-fslsdk-linux/usr/bin/aarch64-fsl-linux/aarch64-fsl-linux-g++   --sysroot=/opt/luci/3.0/sysroots/aarch64-fsl-linux --sysroot=/opt/luci/3.0/sysroots/aarch64-fsl-linux    -O2 -pipe -g -feliminate-unused-debug-types     -o CMakeFiles/cmTC_5e271.dir/testCXXCompiler.cxx.o -c /home/christian/Desktop/OpenCV_Tests/crossbuild/CMakeFiles/CMakeTmp/testCXXCompiler.cxx
Linking CXX executable cmTC_5e271
/opt/luci/3.0/sysroots/x86_64-fslsdk-linux/usr/bin/cmake -E cmake_link_script CMakeFiles/cmTC_5e271.dir/link.txt --verbose=1
/opt/luci/3.0/sysroots/x86_64-fslsdk-linux/usr/bin/aarch64-fsl-linux/aarch64-fsl-linux-g++   --sysroot=/opt/luci/3.0/sysroots/aarch64-fsl-linux --sysroot=/opt/luci/3.0/sysroots/aarch64-fsl-linux   -O2 -pipe -g -feliminate-unused-debug-types    -Wl,-O1 -Wl,--hash-style=gnu -Wl,--as-needed  -rdynamic CMakeFiles/cmTC_5e271.dir/testCXXCompiler.cxx.o  -o cmTC_5e271 
make[1]: Leaving directory '/home/christian/Desktop/OpenCV_Tests/crossbuild/CMakeFiles/CMakeTmp'



Detecting CXX compiler ABI info compiled with the following output:
Change Dir: /home/christian/Desktop/OpenCV_Tests/crossbuild/CMakeFiles/CMakeTmp

Run Build Command(s):/usr/bin/make cmTC_e96ce/fast && /usr/bin/make -f CMakeFiles/cmTC_e96ce.dir/build.make CMakeFiles/cmTC_e96ce.dir/build
make[1]: Entering directory '/home/christian/Desktop/OpenCV_Tests/crossbuild/CMakeFiles/CMakeTmp'
Building CXX object CMakeFiles/cmTC_e96ce.dir/CMakeCXXCompilerABI.cpp.o
/opt/luci/3.0/sysroots/x86_64-fslsdk-linux/usr/bin/aarch64-fsl-linux/aarch64-fsl-linux-g++   --sysroot=/opt/luci/3.0/sysroots/aarch64-fsl-linux --sysroot=/opt/luci/3.0/sysroots/aarch64-fsl-linux    -O2 -pipe -g -feliminate-unused-debug-types     -v -o CMakeFiles/cmTC_e96ce.dir/CMakeCXXCompilerABI.cpp.o -c /opt/luci/3.0/sysroots/x86_64-fslsdk-linux/usr/share/cmake-3.15/Modules/CMakeCXXCompilerABI.cpp
Using built-in specs.
COLLECT_GCC=/opt/luci/3.0/sysroots/x86_64-fslsdk-linux/usr/bin/aarch64-fsl-linux/aarch64-fsl-linux-g++
Target: aarch64-fsl-linux
Configured with: ../../../../../../work-shared/gcc-9.2.0-r0/gcc-9.2.0/configure --build=x86_64-linux --host=x86_64-fslsdk-linux --target=aarch64-fsl-linux --prefix=/opt/luci/3.0/sysroots/x86_64-fslsdk-linux/usr --exec_prefix=/opt/luci/3.0/sysroots/x86_64-fslsdk-linux/usr --bindir=/opt/luci/3.0/sysroots/x86_64-fslsdk-linux/usr/bin/aarch64-fsl-linux --sbindir=/opt/luci/3.0/sysroots/x86_64-fslsdk-linux/usr/bin/aarch64-fsl-linux --libexecdir=/opt/luci/3.0/sysroots/x86_64-fslsdk-linux/usr/libexec/aarch64-fsl-linux --datadir=/opt/luci/3.0/sysroots/x86_64-fslsdk-linux/usr/share --sysconfdir=/opt/luci/3.0/sysroots/x86_64-fslsdk-linux/etc --sharedstatedir=/opt/luci/3.0/sysroots/x86_64-fslsdk-linux/com --localstatedir=/opt/luci/3.0/sysroots/x86_64-fslsdk-linux/var --libdir=/opt/luci/3.0/sysroots/x86_64-fslsdk-linux/usr/lib/aarch64-fsl-linux --includedir=/opt/luci/3.0/sysroots/x86_64-fslsdk-linux/usr/include --oldincludedir=/opt/luci/3.0/sysroots/x86_64-fslsdk-linux/usr/include --infodir=/opt/luci/3.0/sysroots/x86_64-fslsdk-linux/usr/share/info --mandir=/opt/luci/3.0/sysroots/x86_64-fslsdk-linux/usr/share/man --disable-silent-rules --disable-dependency-tracking --with-libtool-sysroot=/home/ubuntu/workspace/yocto-build/build-root/build/tmp/work/x86_64-nativesdk-fslsdk-linux/gcc-cross-canadian-aarch64/9.2.0-r0/recipe-sysroot --with-gnu-ld --enable-shared --enable-languages=c,c++ --enable-threads=posix --enable-multilib --enable-default-pie --enable-c99 --enable-long-long --enable-symvers=gnu --enable-libstdcxx-pch --program-prefix=aarch64-fsl-linux- --without-local-prefix --enable-lto --disable-libssp --enable-libitm --disable-bootstrap --disable-libmudflap --with-system-zlib --with-linker-hash-style=gnu --enable-linker-build-id --with-ppl=no --with-cloog=no --enable-checking=release --enable-cheaders=c_global --without-isl --with-gxx-include-dir=/not/exist/usr/include/c++/9.2.0 --with-build-time-tools=/home/ubuntu/workspace/yocto-build/build-root/build/tmp/work/x86_64-nativesdk-fslsdk-linux/gcc-cross-canadian-aarch64/9.2.0-r0/recipe-sysroot-native/usr/aarch64-fsl-linux/bin --with-sysroot=/not/exist --with-build-sysroot=/home/ubuntu/workspace/yocto-build/build-root/build/tmp/work/x86_64-nativesdk-fslsdk-linux/gcc-cross-canadian-aarch64/9.2.0-r0/recipe-sysroot --enable-poison-system-directories --disable-static --enable-nls --with-glibc-version=2.28 --enable-initfini-array --enable-__cxa_atexit
Thread model: posix
gcc version 9.2.0 (GCC) 
COLLECT_GCC_OPTIONS='--sysroot=/opt/luci/3.0/sysroots/aarch64-fsl-linux' '-O2' '-pipe' '-g' '-feliminate-unused-debug-types' '-v' '-o' 'CMakeFiles/cmTC_e96ce.dir/CMakeCXXCompilerABI.cpp.o' '-c' '-shared-libgcc' '-mlittle-endian' '-mabi=lp64'
 /opt/luci/3.0/sysroots/x86_64-fslsdk-linux/usr/libexec/aarch64-fsl-linux/gcc/aarch64-fsl-linux/9.2.0/cc1plus -quiet -v -isysroot /opt/luci/3.0/sysroots/aarch64-fsl-linux -D_GNU_SOURCE /opt/luci/3.0/sysroots/x86_64-fslsdk-linux/usr/share/cmake-3.15/Modules/CMakeCXXCompilerABI.cpp -quiet -dumpbase CMakeCXXCompilerABI.cpp -mlittle-endian -mabi=lp64 -auxbase-strip CMakeFiles/cmTC_e96ce.dir/CMakeCXXCompilerABI.cpp.o -g -O2 -version -feliminate-unused-debug-types -o - |
 /opt/luci/3.0/sysroots/x86_64-fslsdk-linux/usr/libexec/aarch64-fsl-linux/gcc/aarch64-fsl-linux/9.2.0/as -v -EL -mabi=lp64 -o CMakeFiles/cmTC_e96ce.dir/CMakeCXXCompilerABI.cpp.o
GNU assembler version 2.32.0 (aarch64-fsl-linux) using BFD version (GNU Binutils) 2.32.0.20190204
GNU C++14 (GCC) version 9.2.0 (aarch64-fsl-linux)
	compiled by GNU C version 9.2.0, GMP version 6.1.2, MPFR version 4.0.2, MPC version 1.1.0, isl version none
GGC heuristics: --param ggc-min-expand=100 --param ggc-min-heapsize=131072
ignoring nonexistent directory "/opt/luci/3.0/sysroots/aarch64-fsl-linux/usr/local/include"
ignoring nonexistent directory "/opt/luci/3.0/sysroots/x86_64-fslsdk-linux/usr/lib/aarch64-fsl-linux/gcc/aarch64-fsl-linux/9.2.0/../../../../../aarch64-fsl-linux/include"
#include "..." search starts here:
#include <...> search starts here:
 /opt/luci/3.0/sysroots/aarch64-fsl-linux/usr/include/c++/9.2.0
 /opt/luci/3.0/sysroots/aarch64-fsl-linux/usr/include/c++/9.2.0/aarch64-fsl-linux
 /opt/luci/3.0/sysroots/aarch64-fsl-linux/usr/include/c++/9.2.0/backward
 /opt/luci/3.0/sysroots/x86_64-fslsdk-linux/usr/lib/aarch64-fsl-linux/gcc/aarch64-fsl-linux/9.2.0/include
 /opt/luci/3.0/sysroots/aarch64-fsl-linux/usr/lib/aarch64-fsl-linux/9.2.0/include
 /opt/luci/3.0/sysroots/x86_64-fslsdk-linux/usr/lib/aarch64-fsl-linux/gcc/aarch64-fsl-linux/9.2.0/include-fixed
 /opt/luci/3.0/sysroots/aarch64-fsl-linux/usr/include/
End of search list.
GNU C++14 (GCC) version 9.2.0 (aarch64-fsl-linux)
	compiled by GNU C version 9.2.0, GMP version 6.1.2, MPFR version 4.0.2, MPC version 1.1.0, isl version none
GGC heuristics: --param ggc-min-expand=100 --param ggc-min-heapsize=131072
Compiler executable checksum: ded7d26b66bafff10de63aba4f281181
COMPILER_PATH=/opt/luci/3.0/sysroots/x86_64-fslsdk-linux/usr/libexec/aarch64-fsl-linux/gcc/aarch64-fsl-linux/9.2.0/:/opt/luci/3.0/sysroots/x86_64-fslsdk-linux/usr/libexec/aarch64-fsl-linux/gcc/aarch64-fsl-linux/9.2.0/:/opt/luci/3.0/sysroots/x86_64-fslsdk-linux/usr/libexec/aarch64-fsl-linux/gcc/aarch64-fsl-linux/:/opt/luci/3.0/sysroots/x86_64-fslsdk-linux/usr/lib/aarch64-fsl-linux/gcc/aarch64-fsl-linux/9.2.0/:/opt/luci/3.0/sysroots/x86_64-fslsdk-linux/usr/lib/aarch64-fsl-linux/gcc/aarch64-fsl-linux/
LIBRARY_PATH=/opt/luci/3.0/sysroots/x86_64-fslsdk-linux/usr/lib/aarch64-fsl-linux/gcc/aarch64-fsl-linux/9.2.0/:/opt/luci/3.0/sysroots/aarch64-fsl-linux/lib/:/opt/luci/3.0/sysroots/aarch64-fsl-linux/usr/lib/aarch64-fsl-linux/9.2.0/:/opt/luci/3.0/sysroots/aarch64-fsl-linux/usr/lib/
COLLECT_GCC_OPTIONS='--sysroot=/opt/luci/3.0/sysroots/aarch64-fsl-linux' '-O2' '-pipe' '-g' '-feliminate-unused-debug-types' '-v' '-o' 'CMakeFiles/cmTC_e96ce.dir/CMakeCXXCompilerABI.cpp.o' '-c' '-shared-libgcc' '-mlittle-endian' '-mabi=lp64'
Linking CXX executable cmTC_e96ce
/opt/luci/3.0/sysroots/x86_64-fslsdk-linux/usr/bin/cmake -E cmake_link_script CMakeFiles/cmTC_e96ce.dir/link.txt --verbose=1
/opt/luci/3.0/sysroots/x86_64-fslsdk-linux/usr/bin/aarch64-fsl-linux/aarch64-fsl-linux-g++   --sysroot=/opt/luci/3.0/sysroots/aarch64-fsl-linux --sysroot=/opt/luci/3.0/sysroots/aarch64-fsl-linux   -O2 -pipe -g -feliminate-unused-debug-types    -Wl,-O1 -Wl,--hash-style=gnu -Wl,--as-needed -v -rdynamic CMakeFiles/cmTC_e96ce.dir/CMakeCXXCompilerABI.cpp.o  -o cmTC_e96ce 
Using built-in specs.
COLLECT_GCC=/opt/luci/3.0/sysroots/x86_64-fslsdk-linux/usr/bin/aarch64-fsl-linux/aarch64-fsl-linux-g++
COLLECT_LTO_WRAPPER=/opt/luci/3.0/sysroots/x86_64-fslsdk-linux/usr/libexec/aarch64-fsl-linux/gcc/aarch64-fsl-linux/9.2.0/lto-wrapper
Target: aarch64-fsl-linux
Configured with: ../../../../../../work-shared/gcc-9.2.0-r0/gcc-9.2.0/configure --build=x86_64-linux --host=x86_64-fslsdk-linux --target=aarch64-fsl-linux --prefix=/opt/luci/3.0/sysroots/x86_64-fslsdk-linux/usr --exec_prefix=/opt/luci/3.0/sysroots/x86_64-fslsdk-linux/usr --bindir=/opt/luci/3.0/sysroots/x86_64-fslsdk-linux/usr/bin/aarch64-fsl-linux --sbindir=/opt/luci/3.0/sysroots/x86_64-fslsdk-linux/usr/bin/aarch64-fsl-linux --libexecdir=/opt/luci/3.0/sysroots/x86_64-fslsdk-linux/usr/libexec/aarch64-fsl-linux --datadir=/opt/luci/3.0/sysroots/x86_64-fslsdk-linux/usr/share --sysconfdir=/opt/luci/3.0/sysroots/x86_64-fslsdk-linux/etc --sharedstatedir=/opt/luci/3.0/sysroots/x86_64-fslsdk-linux/com --localstatedir=/opt/luci/3.0/sysroots/x86_64-fslsdk-linux/var --libdir=/opt/luci/3.0/sysroots/x86_64-fslsdk-linux/usr/lib/aarch64-fsl-linux --includedir=/opt/luci/3.0/sysroots/x86_64-fslsdk-linux/usr/include --oldincludedir=/opt/luci/3.0/sysroots/x86_64-fslsdk-linux/usr/include --infodir=/opt/luci/3.0/sysroots/x86_64-fslsdk-linux/usr/share/info --mandir=/opt/luci/3.0/sysroots/x86_64-fslsdk-linux/usr/share/man --disable-silent-rules --disable-dependency-tracking --with-libtool-sysroot=/home/ubuntu/workspace/yocto-build/build-root/build/tmp/work/x86_64-nativesdk-fslsdk-linux/gcc-cross-canadian-aarch64/9.2.0-r0/recipe-sysroot --with-gnu-ld --enable-shared --enable-languages=c,c++ --enable-threads=posix --enable-multilib --enable-default-pie --enable-c99 --enable-long-long --enable-symvers=gnu --enable-libstdcxx-pch --program-prefix=aarch64-fsl-linux- --without-local-prefix --enable-lto --disable-libssp --enable-libitm --disable-bootstrap --disable-libmudflap --with-system-zlib --with-linker-hash-style=gnu --enable-linker-build-id --with-ppl=no --with-cloog=no --enable-checking=release --enable-cheaders=c_global --without-isl --with-gxx-include-dir=/not/exist/usr/include/c++/9.2.0 --with-build-time-tools=/home/ubuntu/workspace/yocto-build/build-root/build/tmp/work/x86_64-nativesdk-fslsdk-linux/gcc-cross-canadian-aarch64/9.2.0-r0/recipe-sysroot-native/usr/aarch64-fsl-linux/bin --with-sysroot=/not/exist --with-build-sysroot=/home/ubuntu/workspace/yocto-build/build-root/build/tmp/work/x86_64-nativesdk-fslsdk-linux/gcc-cross-canadian-aarch64/9.2.0-r0/recipe-sysroot --enable-poison-system-directories --disable-static --enable-nls --with-glibc-version=2.28 --enable-initfini-array --enable-__cxa_atexit
Thread model: posix
gcc version 9.2.0 (GCC) 
COMPILER_PATH=/opt/luci/3.0/sysroots/x86_64-fslsdk-linux/usr/libexec/aarch64-fsl-linux/gcc/aarch64-fsl-linux/9.2.0/:/opt/luci/3.0/sysroots/x86_64-fslsdk-linux/usr/libexec/aarch64-fsl-linux/gcc/aarch64-fsl-linux/9.2.0/:/opt/luci/3.0/sysroots/x86_64-fslsdk-linux/usr/libexec/aarch64-fsl-linux/gcc/aarch64-fsl-linux/:/opt/luci/3.0/sysroots/x86_64-fslsdk-linux/usr/lib/aarch64-fsl-linux/gcc/aarch64-fsl-linux/9.2.0/:/opt/luci/3.0/sysroots/x86_64-fslsdk-linux/usr/lib/aarch64-fsl-linux/gcc/aarch64-fsl-linux/
LIBRARY_PATH=/opt/luci/3.0/sysroots/x86_64-fslsdk-linux/usr/lib/aarch64-fsl-linux/gcc/aarch64-fsl-linux/9.2.0/:/opt/luci/3.0/sysroots/aarch64-fsl-linux/lib/:/opt/luci/3.0/sysroots/aarch64-fsl-linux/usr/lib/aarch64-fsl-linux/9.2.0/:/opt/luci/3.0/sysroots/aarch64-fsl-linux/usr/lib/
COLLECT_GCC_OPTIONS='--sysroot=/opt/luci/3.0/sysroots/aarch64-fsl-linux' '-O2' '-pipe' '-g' '-feliminate-unused-debug-types' '-v' '-rdynamic' '-o' 'cmTC_e96ce' '-shared-libgcc' '-mlittle-endian' '-mabi=lp64'
 /opt/luci/3.0/sysroots/x86_64-fslsdk-linux/usr/libexec/aarch64-fsl-linux/gcc/aarch64-fsl-linux/9.2.0/collect2 -plugin /opt/luci/3.0/sysroots/x86_64-fslsdk-linux/usr/libexec/aarch64-fsl-linux/gcc/aarch64-fsl-linux/9.2.0/liblto_plugin.so -plugin-opt=/opt/luci/3.0/sysroots/x86_64-fslsdk-linux/usr/libexec/aarch64-fsl-linux/gcc/aarch64-fsl-linux/9.2.0/lto-wrapper -plugin-opt=-fresolution=/tmp/ccDWviQV.res -plugin-opt=-pass-through=-lgcc_s -plugin-opt=-pass-through=-lgcc -plugin-opt=-pass-through=-lc -plugin-opt=-pass-through=-lgcc_s -plugin-opt=-pass-through=-lgcc --sysroot=/opt/luci/3.0/sysroots/aarch64-fsl-linux --build-id --eh-frame-hdr --hash-style=gnu -export-dynamic -dynamic-linker /lib/ld-linux-aarch64.so.1 -X -EL -maarch64linux -pie -o cmTC_e96ce /opt/luci/3.0/sysroots/aarch64-fsl-linux/usr/lib/Scrt1.o /opt/luci/3.0/sysroots/aarch64-fsl-linux/usr/lib/crti.o /opt/luci/3.0/sysroots/aarch64-fsl-linux/usr/lib/aarch64-fsl-linux/9.2.0/crtbeginS.o -L/opt/luci/3.0/sysroots/x86_64-fslsdk-linux/usr/lib/aarch64-fsl-linux/gcc/aarch64-fsl-linux/9.2.0 -L/opt/luci/3.0/sysroots/aarch64-fsl-linux/lib -L/opt/luci/3.0/sysroots/aarch64-fsl-linux/usr/lib/aarch64-fsl-linux/9.2.0 -L/opt/luci/3.0/sysroots/aarch64-fsl-linux/usr/lib -O1 --hash-style=gnu --as-needed CMakeFiles/cmTC_e96ce.dir/CMakeCXXCompilerABI.cpp.o -lstdc++ -lm -lgcc_s -lgcc -lc -lgcc_s -lgcc /opt/luci/3.0/sysroots/aarch64-fsl-linux/usr/lib/aarch64-fsl-linux/9.2.0/crtendS.o /opt/luci/3.0/sysroots/aarch64-fsl-linux/usr/lib/crtn.o
COLLECT_GCC_OPTIONS='--sysroot=/opt/luci/3.0/sysroots/aarch64-fsl-linux' '-O2' '-pipe' '-g' '-feliminate-unused-debug-types' '-v' '-rdynamic' '-o' 'cmTC_e96ce' '-shared-libgcc' '-mlittle-endian' '-mabi=lp64'
make[1]: Leaving directory '/home/christian/Desktop/OpenCV_Tests/crossbuild/CMakeFiles/CMakeTmp'



Parsed CXX implicit include dir info from above output: rv=done
  found start of include info
  found start of implicit include info
    add: [/opt/luci/3.0/sysroots/aarch64-fsl-linux/usr/include/c++/9.2.0]
    add: [/opt/luci/3.0/sysroots/aarch64-fsl-linux/usr/include/c++/9.2.0/aarch64-fsl-linux]
    add: [/opt/luci/3.0/sysroots/aarch64-fsl-linux/usr/include/c++/9.2.0/backward]
    add: [/opt/luci/3.0/sysroots/x86_64-fslsdk-linux/usr/lib/aarch64-fsl-linux/gcc/aarch64-fsl-linux/9.2.0/include]
    add: [/opt/luci/3.0/sysroots/aarch64-fsl-linux/usr/lib/aarch64-fsl-linux/9.2.0/include]
    add: [/opt/luci/3.0/sysroots/x86_64-fslsdk-linux/usr/lib/aarch64-fsl-linux/gcc/aarch64-fsl-linux/9.2.0/include-fixed]
    add: [/opt/luci/3.0/sysroots/aarch64-fsl-linux/usr/include/]
  end of search list found
  collapse include dir [/opt/luci/3.0/sysroots/aarch64-fsl-linux/usr/include/c++/9.2.0] ==> [/opt/luci/3.0/sysroots/aarch64-fsl-linux/usr/include/c++/9.2.0]
  collapse include dir [/opt/luci/3.0/sysroots/aarch64-fsl-linux/usr/include/c++/9.2.0/aarch64-fsl-linux] ==> [/opt/luci/3.0/sysroots/aarch64-fsl-linux/usr/include/c++/9.2.0/aarch64-fsl-linux]
  collapse include dir [/opt/luci/3.0/sysroots/aarch64-fsl-linux/usr/include/c++/9.2.0/backward] ==> [/opt/luci/3.0/sysroots/aarch64-fsl-linux/usr/include/c++/9.2.0/backward]
  collapse include dir [/opt/luci/3.0/sysroots/x86_64-fslsdk-linux/usr/lib/aarch64-fsl-linux/gcc/aarch64-fsl-linux/9.2.0/include] ==> [/opt/luci/3.0/sysroots/x86_64-fslsdk-linux/usr/lib/aarch64-fsl-linux/gcc/aarch64-fsl-linux/9.2.0/include]
  collapse include dir [/opt/luci/3.0/sysroots/aarch64-fsl-linux/usr/lib/aarch64-fsl-linux/9.2.0/include] ==> [/opt/luci/3.0/sysroots/aarch64-fsl-linux/usr/lib/aarch64-fsl-linux/9.2.0/include]
  collapse include dir [/opt/luci/3.0/sysroots/x86_64-fslsdk-linux/usr/lib/aarch64-fsl-linux/gcc/aarch64-fsl-linux/9.2.0/include-fixed] ==> [/opt/luci/3.0/sysroots/x86_64-fslsdk-linux/usr/lib/aarch64-fsl-linux/gcc/aarch64-fsl-linux/9.2.0/include-fixed]
  collapse include dir [/opt/luci/3.0/sysroots/aarch64-fsl-linux/usr/include/] ==> [/opt/luci/3.0/sysroots/aarch64-fsl-linux/usr/include]
  implicit include dirs: [/opt/luci/3.0/sysroots/aarch64-fsl-linux/usr/include/c++/9.2.0;/opt/luci/3.0/sysroots/aarch64-fsl-linux/usr/include/c++/9.2.0/aarch64-fsl-linux;/opt/luci/3.0/sysroots/aarch64-fsl-linux/usr/include/c++/9.2.0/backward;/opt/luci/3.0/sysroots/x86_64-fslsdk-linux/usr/lib/aarch64-fsl-linux/gcc/aarch64-fsl-linux/9.2.0/include;/opt/luci/3.0/sysroots/aarch64-fsl-linux/usr/lib/aarch64-fsl-linux/9.2.0/include;/opt/luci/3.0/sysroots/x86_64-fslsdk-linux/usr/lib/aarch64-fsl-linux/gcc/aarch64-fsl-linux/9.2.0/include-fixed;/opt/luci/3.0/sysroots/aarch64-fsl-linux/usr/include]


Parsed CXX implicit link information from above output:
  link line regex: [^( *|.*[/\])(aarch64-fsl-linux-ld|CMAKE_LINK_STARTFILE-NOTFOUND|([^/\]+-)?ld|collect2)[^/\]*( |$)]
  ignore line: [Change Dir: /home/christian/Desktop/OpenCV_Tests/crossbuild/CMakeFiles/CMakeTmp]
  ignore line: []
  ignore line: [Run Build Command(s):/usr/bin/make cmTC_e96ce/fast && /usr/bin/make -f CMakeFiles/cmTC_e96ce.dir/build.make CMakeFiles/cmTC_e96ce.dir/build]
  ignore line: [make[1]: Entering directory '/home/christian/Desktop/OpenCV_Tests/crossbuild/CMakeFiles/CMakeTmp']
  ignore line: [Building CXX object CMakeFiles/cmTC_e96ce.dir/CMakeCXXCompilerABI.cpp.o]
  ignore line: [/opt/luci/3.0/sysroots/x86_64-fslsdk-linux/usr/bin/aarch64-fsl-linux/aarch64-fsl-linux-g++   --sysroot=/opt/luci/3.0/sysroots/aarch64-fsl-linux --sysroot=/opt/luci/3.0/sysroots/aarch64-fsl-linux    -O2 -pipe -g -feliminate-unused-debug-types     -v -o CMakeFiles/cmTC_e96ce.dir/CMakeCXXCompilerABI.cpp.o -c /opt/luci/3.0/sysroots/x86_64-fslsdk-linux/usr/share/cmake-3.15/Modules/CMakeCXXCompilerABI.cpp]
  ignore line: [Using built-in specs.]
  ignore line: [COLLECT_GCC=/opt/luci/3.0/sysroots/x86_64-fslsdk-linux/usr/bin/aarch64-fsl-linux/aarch64-fsl-linux-g++]
  ignore line: [Target: aarch64-fsl-linux]
  ignore line: [Configured with: ../../../../../../work-shared/gcc-9.2.0-r0/gcc-9.2.0/configure --build=x86_64-linux --host=x86_64-fslsdk-linux --target=aarch64-fsl-linux --prefix=/opt/luci/3.0/sysroots/x86_64-fslsdk-linux/usr --exec_prefix=/opt/luci/3.0/sysroots/x86_64-fslsdk-linux/usr --bindir=/opt/luci/3.0/sysroots/x86_64-fslsdk-linux/usr/bin/aarch64-fsl-linux --sbindir=/opt/luci/3.0/sysroots/x86_64-fslsdk-linux/usr/bin/aarch64-fsl-linux --libexecdir=/opt/luci/3.0/sysroots/x86_64-fslsdk-linux/usr/libexec/aarch64-fsl-linux --datadir=/opt/luci/3.0/sysroots/x86_64-fslsdk-linux/usr/share --sysconfdir=/opt/luci/3.0/sysroots/x86_64-fslsdk-linux/etc --sharedstatedir=/opt/luci/3.0/sysroots/x86_64-fslsdk-linux/com --localstatedir=/opt/luci/3.0/sysroots/x86_64-fslsdk-linux/var --libdir=/opt/luci/3.0/sysroots/x86_64-fslsdk-linux/usr/lib/aarch64-fsl-linux --includedir=/opt/luci/3.0/sysroots/x86_64-fslsdk-linux/usr/include --oldincludedir=/opt/luci/3.0/sysroots/x86_64-fslsdk-linux/usr/include --infodir=/opt/luci/3.0/sysroots/x86_64-fslsdk-linux/usr/share/info --mandir=/opt/luci/3.0/sysroots/x86_64-fslsdk-linux/usr/share/man --disable-silent-rules --disable-dependency-tracking --with-libtool-sysroot=/home/ubuntu/workspace/yocto-build/build-root/build/tmp/work/x86_64-nativesdk-fslsdk-linux/gcc-cross-canadian-aarch64/9.2.0-r0/recipe-sysroot --with-gnu-ld --enable-shared --enable-languages=c,c++ --enable-threads=posix --enable-multilib --enable-default-pie --enable-c99 --enable-long-long --enable-symvers=gnu --enable-libstdcxx-pch --program-prefix=aarch64-fsl-linux- --without-local-prefix --enable-lto --disable-libssp --enable-libitm --disable-bootstrap --disable-libmudflap --with-system-zlib --with-linker-hash-style=gnu --enable-linker-build-id --with-ppl=no --with-cloog=no --enable-checking=release --enable-cheaders=c_global --without-isl --with-gxx-include-dir=/not/exist/usr/include/c++/9.2.0 --with-build-time-tools=/home/ubuntu/workspace/yocto-build/build-root/build/tmp/work/x86_64-nativesdk-fslsdk-linux/gcc-cross-canadian-aarch64/9.2.0-r0/recipe-sysroot-native/usr/aarch64-fsl-linux/bin --with-sysroot=/not/exist --with-build-sysroot=/home/ubuntu/workspace/yocto-build/build-root/build/tmp/work/x86_64-nativesdk-fslsdk-linux/gcc-cross-canadian-aarch64/9.2.0-r0/recipe-sysroot --enable-poison-system-directories --disable-static --enable-nls --with-glibc-version=2.28 --enable-initfini-array --enable-__cxa_atexit]
  ignore line: [Thread model: posix]
  ignore line: [gcc version 9.2.0 (GCC) ]
  ignore line: [COLLECT_GCC_OPTIONS='--sysroot=/opt/luci/3.0/sysroots/aarch64-fsl-linux' '-O2' '-pipe' '-g' '-feliminate-unused-debug-types' '-v' '-o' 'CMakeFiles/cmTC_e96ce.dir/CMakeCXXCompilerABI.cpp.o' '-c' '-shared-libgcc' '-mlittle-endian' '-mabi=lp64']
  ignore line: [ /opt/luci/3.0/sysroots/x86_64-fslsdk-linux/usr/libexec/aarch64-fsl-linux/gcc/aarch64-fsl-linux/9.2.0/cc1plus -quiet -v -isysroot /opt/luci/3.0/sysroots/aarch64-fsl-linux -D_GNU_SOURCE /opt/luci/3.0/sysroots/x86_64-fslsdk-linux/usr/share/cmake-3.15/Modules/CMakeCXXCompilerABI.cpp -quiet -dumpbase CMakeCXXCompilerABI.cpp -mlittle-endian -mabi=lp64 -auxbase-strip CMakeFiles/cmTC_e96ce.dir/CMakeCXXCompilerABI.cpp.o -g -O2 -version -feliminate-unused-debug-types -o - |]
  ignore line: [ /opt/luci/3.0/sysroots/x86_64-fslsdk-linux/usr/libexec/aarch64-fsl-linux/gcc/aarch64-fsl-linux/9.2.0/as -v -EL -mabi=lp64 -o CMakeFiles/cmTC_e96ce.dir/CMakeCXXCompilerABI.cpp.o]
  ignore line: [GNU assembler version 2.32.0 (aarch64-fsl-linux) using BFD version (GNU Binutils) 2.32.0.20190204]
  ignore line: [GNU C++14 (GCC) version 9.2.0 (aarch64-fsl-linux)]
  ignore line: [	compiled by GNU C version 9.2.0, GMP version 6.1.2, MPFR version 4.0.2, MPC version 1.1.0, isl version none]
  ignore line: [GGC heuristics: --param ggc-min-expand=100 --param ggc-min-heapsize=131072]
  ignore line: [ignoring nonexistent directory "/opt/luci/3.0/sysroots/aarch64-fsl-linux/usr/local/include"]
  ignore line: [ignoring nonexistent directory "/opt/luci/3.0/sysroots/x86_64-fslsdk-linux/usr/lib/aarch64-fsl-linux/gcc/aarch64-fsl-linux/9.2.0/../../../../../aarch64-fsl-linux/include"]
  ignore line: [#include "..." search starts here:]
  ignore line: [#include <...> search starts here:]
  ignore line: [ /opt/luci/3.0/sysroots/aarch64-fsl-linux/usr/include/c++/9.2.0]
  ignore line: [ /opt/luci/3.0/sysroots/aarch64-fsl-linux/usr/include/c++/9.2.0/aarch64-fsl-linux]
  ignore line: [ /opt/luci/3.0/sysroots/aarch64-fsl-linux/usr/include/c++/9.2.0/backward]
  ignore line: [ /opt/luci/3.0/sysroots/x86_64-fslsdk-linux/usr/lib/aarch64-fsl-linux/gcc/aarch64-fsl-linux/9.2.0/include]
  ignore line: [ /opt/luci/3.0/sysroots/aarch64-fsl-linux/usr/lib/aarch64-fsl-linux/9.2.0/include]
  ignore line: [ /opt/luci/3.0/sysroots/x86_64-fslsdk-linux/usr/lib/aarch64-fsl-linux/gcc/aarch64-fsl-linux/9.2.0/include-fixed]
  ignore line: [ /opt/luci/3.0/sysroots/aarch64-fsl-linux/usr/include/]
  ignore line: [End of search list.]
  ignore line: [GNU C++14 (GCC) version 9.2.0 (aarch64-fsl-linux)]
  ignore line: [	compiled by GNU C version 9.2.0, GMP version 6.1.2, MPFR version 4.0.2, MPC version 1.1.0, isl version none]
  ignore line: [GGC heuristics: --param ggc-min-expand=100 --param ggc-min-heapsize=131072]
  ignore line: [Compiler executable checksum: ded7d26b66bafff10de63aba4f281181]
  ignore line: [COMPILER_PATH=/opt/luci/3.0/sysroots/x86_64-fslsdk-linux/usr/libexec/aarch64-fsl-linux/gcc/aarch64-fsl-linux/9.2.0/:/opt/luci/3.0/sysroots/x86_64-fslsdk-linux/usr/libexec/aarch64-fsl-linux/gcc/aarch64-fsl-linux/9.2.0/:/opt/luci/3.0/sysroots/x86_64-fslsdk-linux/usr/libexec/aarch64-fsl-linux/gcc/aarch64-fsl-linux/:/opt/luci/3.0/sysroots/x86_64-fslsdk-linux/usr/lib/aarch64-fsl-linux/gcc/aarch64-fsl-linux/9.2.0/:/opt/luci/3.0/sysroots/x86_64-fslsdk-linux/usr/lib/aarch64-fsl-linux/gcc/aarch64-fsl-linux/]
  ignore line: [LIBRARY_PATH=/opt/luci/3.0/sysroots/x86_64-fslsdk-linux/usr/lib/aarch64-fsl-linux/gcc/aarch64-fsl-linux/9.2.0/:/opt/luci/3.0/sysroots/aarch64-fsl-linux/lib/:/opt/luci/3.0/sysroots/aarch64-fsl-linux/usr/lib/aarch64-fsl-linux/9.2.0/:/opt/luci/3.0/sysroots/aarch64-fsl-linux/usr/lib/]
  ignore line: [COLLECT_GCC_OPTIONS='--sysroot=/opt/luci/3.0/sysroots/aarch64-fsl-linux' '-O2' '-pipe' '-g' '-feliminate-unused-debug-types' '-v' '-o' 'CMakeFiles/cmTC_e96ce.dir/CMakeCXXCompilerABI.cpp.o' '-c' '-shared-libgcc' '-mlittle-endian' '-mabi=lp64']
  ignore line: [Linking CXX executable cmTC_e96ce]
  ignore line: [/opt/luci/3.0/sysroots/x86_64-fslsdk-linux/usr/bin/cmake -E cmake_link_script CMakeFiles/cmTC_e96ce.dir/link.txt --verbose=1]
  ignore line: [/opt/luci/3.0/sysroots/x86_64-fslsdk-linux/usr/bin/aarch64-fsl-linux/aarch64-fsl-linux-g++   --sysroot=/opt/luci/3.0/sysroots/aarch64-fsl-linux --sysroot=/opt/luci/3.0/sysroots/aarch64-fsl-linux   -O2 -pipe -g -feliminate-unused-debug-types    -Wl,-O1 -Wl,--hash-style=gnu -Wl,--as-needed -v -rdynamic CMakeFiles/cmTC_e96ce.dir/CMakeCXXCompilerABI.cpp.o  -o cmTC_e96ce ]
  ignore line: [Using built-in specs.]
  ignore line: [COLLECT_GCC=/opt/luci/3.0/sysroots/x86_64-fslsdk-linux/usr/bin/aarch64-fsl-linux/aarch64-fsl-linux-g++]
  ignore line: [COLLECT_LTO_WRAPPER=/opt/luci/3.0/sysroots/x86_64-fslsdk-linux/usr/libexec/aarch64-fsl-linux/gcc/aarch64-fsl-linux/9.2.0/lto-wrapper]
  ignore line: [Target: aarch64-fsl-linux]
  ignore line: [Configured with: ../../../../../../work-shared/gcc-9.2.0-r0/gcc-9.2.0/configure --build=x86_64-linux --host=x86_64-fslsdk-linux --target=aarch64-fsl-linux --prefix=/opt/luci/3.0/sysroots/x86_64-fslsdk-linux/usr --exec_prefix=/opt/luci/3.0/sysroots/x86_64-fslsdk-linux/usr --bindir=/opt/luci/3.0/sysroots/x86_64-fslsdk-linux/usr/bin/aarch64-fsl-linux --sbindir=/opt/luci/3.0/sysroots/x86_64-fslsdk-linux/usr/bin/aarch64-fsl-linux --libexecdir=/opt/luci/3.0/sysroots/x86_64-fslsdk-linux/usr/libexec/aarch64-fsl-linux --datadir=/opt/luci/3.0/sysroots/x86_64-fslsdk-linux/usr/share --sysconfdir=/opt/luci/3.0/sysroots/x86_64-fslsdk-linux/etc --sharedstatedir=/opt/luci/3.0/sysroots/x86_64-fslsdk-linux/com --localstatedir=/opt/luci/3.0/sysroots/x86_64-fslsdk-linux/var --libdir=/opt/luci/3.0/sysroots/x86_64-fslsdk-linux/usr/lib/aarch64-fsl-linux --includedir=/opt/luci/3.0/sysroots/x86_64-fslsdk-linux/usr/include --oldincludedir=/opt/luci/3.0/sysroots/x86_64-fslsdk-linux/usr/include --infodir=/opt/luci/3.0/sysroots/x86_64-fslsdk-linux/usr/share/info --mandir=/opt/luci/3.0/sysroots/x86_64-fslsdk-linux/usr/share/man --disable-silent-rules --disable-dependency-tracking --with-libtool-sysroot=/home/ubuntu/workspace/yocto-build/build-root/build/tmp/work/x86_64-nativesdk-fslsdk-linux/gcc-cross-canadian-aarch64/9.2.0-r0/recipe-sysroot --with-gnu-ld --enable-shared --enable-languages=c,c++ --enable-threads=posix --enable-multilib --enable-default-pie --enable-c99 --enable-long-long --enable-symvers=gnu --enable-libstdcxx-pch --program-prefix=aarch64-fsl-linux- --without-local-prefix --enable-lto --disable-libssp --enable-libitm --disable-bootstrap --disable-libmudflap --with-system-zlib --with-linker-hash-style=gnu --enable-linker-build-id --with-ppl=no --with-cloog=no --enable-checking=release --enable-cheaders=c_global --without-isl --with-gxx-include-dir=/not/exist/usr/include/c++/9.2.0 --with-build-time-tools=/home/ubuntu/workspace/yocto-build/build-root/build/tmp/work/x86_64-nativesdk-fslsdk-linux/gcc-cross-canadian-aarch64/9.2.0-r0/recipe-sysroot-native/usr/aarch64-fsl-linux/bin --with-sysroot=/not/exist --with-build-sysroot=/home/ubuntu/workspace/yocto-build/build-root/build/tmp/work/x86_64-nativesdk-fslsdk-linux/gcc-cross-canadian-aarch64/9.2.0-r0/recipe-sysroot --enable-poison-system-directories --disable-static --enable-nls --with-glibc-version=2.28 --enable-initfini-array --enable-__cxa_atexit]
  ignore line: [Thread model: posix]
  ignore line: [gcc version 9.2.0 (GCC) ]
  ignore line: [COMPILER_PATH=/opt/luci/3.0/sysroots/x86_64-fslsdk-linux/usr/libexec/aarch64-fsl-linux/gcc/aarch64-fsl-linux/9.2.0/:/opt/luci/3.0/sysroots/x86_64-fslsdk-linux/usr/libexec/aarch64-fsl-linux/gcc/aarch64-fsl-linux/9.2.0/:/opt/luci/3.0/sysroots/x86_64-fslsdk-linux/usr/libexec/aarch64-fsl-linux/gcc/aarch64-fsl-linux/:/opt/luci/3.0/sysroots/x86_64-fslsdk-linux/usr/lib/aarch64-fsl-linux/gcc/aarch64-fsl-linux/9.2.0/:/opt/luci/3.0/sysroots/x86_64-fslsdk-linux/usr/lib/aarch64-fsl-linux/gcc/aarch64-fsl-linux/]
  ignore line: [LIBRARY_PATH=/opt/luci/3.0/sysroots/x86_64-fslsdk-linux/usr/lib/aarch64-fsl-linux/gcc/aarch64-fsl-linux/9.2.0/:/opt/luci/3.0/sysroots/aarch64-fsl-linux/lib/:/opt/luci/3.0/sysroots/aarch64-fsl-linux/usr/lib/aarch64-fsl-linux/9.2.0/:/opt/luci/3.0/sysroots/aarch64-fsl-linux/usr/lib/]
  ignore line: [COLLECT_GCC_OPTIONS='--sysroot=/opt/luci/3.0/sysroots/aarch64-fsl-linux' '-O2' '-pipe' '-g' '-feliminate-unused-debug-types' '-v' '-rdynamic' '-o' 'cmTC_e96ce' '-shared-libgcc' '-mlittle-endian' '-mabi=lp64']
  link line: [ /opt/luci/3.0/sysroots/x86_64-fslsdk-linux/usr/libexec/aarch64-fsl-linux/gcc/aarch64-fsl-linux/9.2.0/collect2 -plugin /opt/luci/3.0/sysroots/x86_64-fslsdk-linux/usr/libexec/aarch64-fsl-linux/gcc/aarch64-fsl-linux/9.2.0/liblto_plugin.so -plugin-opt=/opt/luci/3.0/sysroots/x86_64-fslsdk-linux/usr/libexec/aarch64-fsl-linux/gcc/aarch64-fsl-linux/9.2.0/lto-wrapper -plugin-opt=-fresolution=/tmp/ccDWviQV.res -plugin-opt=-pass-through=-lgcc_s -plugin-opt=-pass-through=-lgcc -plugin-opt=-pass-through=-lc -plugin-opt=-pass-through=-lgcc_s -plugin-opt=-pass-through=-lgcc --sysroot=/opt/luci/3.0/sysroots/aarch64-fsl-linux --build-id --eh-frame-hdr --hash-style=gnu -export-dynamic -dynamic-linker /lib/ld-linux-aarch64.so.1 -X -EL -maarch64linux -pie -o cmTC_e96ce /opt/luci/3.0/sysroots/aarch64-fsl-linux/usr/lib/Scrt1.o /opt/luci/3.0/sysroots/aarch64-fsl-linux/usr/lib/crti.o /opt/luci/3.0/sysroots/aarch64-fsl-linux/usr/lib/aarch64-fsl-linux/9.2.0/crtbeginS.o -L/opt/luci/3.0/sysroots/x86_64-fslsdk-linux/usr/lib/aarch64-fsl-linux/gcc/aarch64-fsl-linux/9.2.0 -L/opt/luci/3.0/sysroots/aarch64-fsl-linux/lib -L/opt/luci/3.0/sysroots/aarch64-fsl-linux/usr/lib/aarch64-fsl-linux/9.2.0 -L/opt/luci/3.0/sysroots/aarch64-fsl-linux/usr/lib -O1 --hash-style=gnu --as-needed CMakeFiles/cmTC_e96ce.dir/CMakeCXXCompilerABI.cpp.o -lstdc++ -lm -lgcc_s -lgcc -lc -lgcc_s -lgcc /opt/luci/3.0/sysroots/aarch64-fsl-linux/usr/lib/aarch64-fsl-linux/9.2.0/crtendS.o /opt/luci/3.0/sysroots/aarch64-fsl-linux/usr/lib/crtn.o]
    arg [/opt/luci/3.0/sysroots/x86_64-fslsdk-linux/usr/libexec/aarch64-fsl-linux/gcc/aarch64-fsl-linux/9.2.0/collect2] ==> ignore
    arg [-plugin] ==> ignore
    arg [/opt/luci/3.0/sysroots/x86_64-fslsdk-linux/usr/libexec/aarch64-fsl-linux/gcc/aarch64-fsl-linux/9.2.0/liblto_plugin.so] ==> ignore
    arg [-plugin-opt=/opt/luci/3.0/sysroots/x86_64-fslsdk-linux/usr/libexec/aarch64-fsl-linux/gcc/aarch64-fsl-linux/9.2.0/lto-wrapper] ==> ignore
    arg [-plugin-opt=-fresolution=/tmp/ccDWviQV.res] ==> ignore
    arg [-plugin-opt=-pass-through=-lgcc_s] ==> ignore
    arg [-plugin-opt=-pass-through=-lgcc] ==> ignore
    arg [-plugin-opt=-pass-through=-lc] ==> ignore
    arg [-plugin-opt=-pass-through=-lgcc_s] ==> ignore
    arg [-plugin-opt=-pass-through=-lgcc] ==> ignore
    arg [--sysroot=/opt/luci/3.0/sysroots/aarch64-fsl-linux] ==> ignore
    arg [--build-id] ==> ignore
    arg [--eh-frame-hdr] ==> ignore
    arg [--hash-style=gnu] ==> ignore
    arg [-export-dynamic] ==> ignore
    arg [-dynamic-linker] ==> ignore
    arg [/lib/ld-linux-aarch64.so.1] ==> ignore
    arg [-X] ==> ignore
    arg [-EL] ==> ignore
    arg [-maarch64linux] ==> ignore
    arg [-pie] ==> ignore
    arg [-o] ==> ignore
    arg [cmTC_e96ce] ==> ignore
    arg [/opt/luci/3.0/sysroots/aarch64-fsl-linux/usr/lib/Scrt1.o] ==> ignore
    arg [/opt/luci/3.0/sysroots/aarch64-fsl-linux/usr/lib/crti.o] ==> ignore
    arg [/opt/luci/3.0/sysroots/aarch64-fsl-linux/usr/lib/aarch64-fsl-linux/9.2.0/crtbeginS.o] ==> ignore
    arg [-L/opt/luci/3.0/sysroots/x86_64-fslsdk-linux/usr/lib/aarch64-fsl-linux/gcc/aarch64-fsl-linux/9.2.0] ==> dir [/opt/luci/3.0/sysroots/x86_64-fslsdk-linux/usr/lib/aarch64-fsl-linux/gcc/aarch64-fsl-linux/9.2.0]
    arg [-L/opt/luci/3.0/sysroots/aarch64-fsl-linux/lib] ==> dir [/opt/luci/3.0/sysroots/aarch64-fsl-linux/lib]
    arg [-L/opt/luci/3.0/sysroots/aarch64-fsl-linux/usr/lib/aarch64-fsl-linux/9.2.0] ==> dir [/opt/luci/3.0/sysroots/aarch64-fsl-linux/usr/lib/aarch64-fsl-linux/9.2.0]
    arg [-L/opt/luci/3.0/sysroots/aarch64-fsl-linux/usr/lib] ==> dir [/opt/luci/3.0/sysroots/aarch64-fsl-linux/usr/lib]
    arg [-O1] ==> ignore
    arg [--hash-style=gnu] ==> ignore
    arg [--as-needed] ==> ignore
    arg [CMakeFiles/cmTC_e96ce.dir/CMakeCXXCompilerABI.cpp.o] ==> ignore
    arg [-lstdc++] ==> lib [stdc++]
    arg [-lm] ==> lib [m]
    arg [-lgcc_s] ==> lib [gcc_s]
    arg [-lgcc] ==> lib [gcc]
    arg [-lc] ==> lib [c]
    arg [-lgcc_s] ==> lib [gcc_s]
    arg [-lgcc] ==> lib [gcc]
    arg [/opt/luci/3.0/sysroots/aarch64-fsl-linux/usr/lib/aarch64-fsl-linux/9.2.0/crtendS.o] ==> ignore
    arg [/opt/luci/3.0/sysroots/aarch64-fsl-linux/usr/lib/crtn.o] ==> ignore
  collapse library dir [/opt/luci/3.0/sysroots/x86_64-fslsdk-linux/usr/lib/aarch64-fsl-linux/gcc/aarch64-fsl-linux/9.2.0] ==> [/opt/luci/3.0/sysroots/x86_64-fslsdk-linux/usr/lib/aarch64-fsl-linux/gcc/aarch64-fsl-linux/9.2.0]
  collapse library dir [/opt/luci/3.0/sysroots/aarch64-fsl-linux/lib] ==> [/opt/luci/3.0/sysroots/aarch64-fsl-linux/lib]
  collapse library dir [/opt/luci/3.0/sysroots/aarch64-fsl-linux/usr/lib/aarch64-fsl-linux/9.2.0] ==> [/opt/luci/3.0/sysroots/aarch64-fsl-linux/usr/lib/aarch64-fsl-linux/9.2.0]
  collapse library dir [/opt/luci/3.0/sysroots/aarch64-fsl-linux/usr/lib] ==> [/opt/luci/3.0/sysroots/aarch64-fsl-linux/usr/lib]
  implicit libs: [stdc++;m;gcc_s;gcc;c;gcc_s;gcc]
  implicit dirs: [/opt/luci/3.0/sysroots/x86_64-fslsdk-linux/usr/lib/aarch64-fsl-linux/gcc/aarch64-fsl-linux/9.2.0;/opt/luci/3.0/sysroots/aarch64-fsl-linux/lib;/opt/luci/3.0/sysroots/aarch64-fsl-linux/usr/lib/aarch64-fsl-linux/9.2.0;/opt/luci/3.0/sysroots/aarch64-fsl-linux/usr/lib]
  implicit fwks: []


